2026-04-05 15:23:30,968 - INFO - **************  Nominal Encoder  ***************
2026-04-05 15:23:30,970 - INFO - Before X_train_cat columns : Index(['gender', 'Partner', 'Dependents', 'PhoneService', 'MultipleLines',
       'InternetService', 'OnlineSecurity', 'OnlineBackup', 'DeviceProtection',
       'TechSupport', 'StreamingTV', 'StreamingMovies', 'Contract',
       'PaperlessBilling', 'PaymentMethod', 'SIM_provider'],
      dtype='str') and its shape is (5634, 16)
2026-04-05 15:23:30,970 - INFO - Before X_test_cat columns : Index(['gender', 'Partner', 'Dependents', 'PhoneService', 'MultipleLines',
       'InternetService', 'OnlineSecurity', 'OnlineBackup', 'DeviceProtection',
       'TechSupport', 'StreamingTV', 'StreamingMovies', 'Contract',
       'PaperlessBilling', 'PaymentMethod', 'SIM_provider'],
      dtype='str') and its shape is (1409, 16)
2026-04-05 15:23:31,028 - INFO - After X_train_cat columns : Index(['gender', 'Partner', 'Dependents', 'PhoneService', 'Contract',
       'PaperlessBilling', 'SIM_provider', 'MultipleLines_No phone service',
       'MultipleLines_Yes', 'InternetService_Fiber optic',
       'InternetService_No', 'OnlineSecurity_No internet service',
       'OnlineSecurity_Yes', 'OnlineBackup_No internet service',
       'OnlineBackup_Yes', 'DeviceProtection_No internet service',
       'DeviceProtection_Yes', 'TechSupport_No internet service',
       'TechSupport_Yes', 'StreamingTV_No internet service', 'StreamingTV_Yes',
       'StreamingMovies_No internet service', 'StreamingMovies_Yes',
       'PaymentMethod_Credit card (automatic)',
       'PaymentMethod_Electronic check', 'PaymentMethod_Mailed check'],
      dtype='str') and its shape is (5634, 26)
2026-04-05 15:23:31,028 - INFO - After X_test_cat columns : Index(['gender', 'Partner', 'Dependents', 'PhoneService', 'Contract',
       'PaperlessBilling', 'SIM_provider', 'MultipleLines_No phone service',
       'MultipleLines_Yes', 'InternetService_Fiber optic',
       'InternetService_No', 'OnlineSecurity_No internet service',
       'OnlineSecurity_Yes', 'OnlineBackup_No internet service',
       'OnlineBackup_Yes', 'DeviceProtection_No internet service',
       'DeviceProtection_Yes', 'TechSupport_No internet service',
       'TechSupport_Yes', 'StreamingTV_No internet service', 'StreamingTV_Yes',
       'StreamingMovies_No internet service', 'StreamingMovies_Yes',
       'PaymentMethod_Credit card (automatic)',
       'PaymentMethod_Electronic check', 'PaymentMethod_Mailed check'],
      dtype='str') and its shape is (1409, 26)
2026-04-05 15:23:31,028 - INFO - **************  Odinal Encoder  ***************
2026-04-05 15:23:31,035 - INFO - After Odinal X_train_cat columns : Index(['gender', 'Partner', 'Dependents', 'PhoneService', 'PaperlessBilling',
       'SIM_provider', 'MultipleLines_No phone service', 'MultipleLines_Yes',
       'InternetService_Fiber optic', 'InternetService_No',
       'OnlineSecurity_No internet service', 'OnlineSecurity_Yes',
       'OnlineBackup_No internet service', 'OnlineBackup_Yes',
       'DeviceProtection_No internet service', 'DeviceProtection_Yes',
       'TechSupport_No internet service', 'TechSupport_Yes',
       'StreamingTV_No internet service', 'StreamingTV_Yes',
       'StreamingMovies_No internet service', 'StreamingMovies_Yes',
       'PaymentMethod_Credit card (automatic)',
       'PaymentMethod_Electronic check', 'PaymentMethod_Mailed check',
       'Contract_odinal'],
      dtype='str') and its shape : (5634, 26)
2026-04-05 15:23:31,036 - INFO - After Odinal X_test_cat columns : Index(['gender', 'Partner', 'Dependents', 'PhoneService', 'PaperlessBilling',
       'SIM_provider', 'MultipleLines_No phone service', 'MultipleLines_Yes',
       'InternetService_Fiber optic', 'InternetService_No',
       'OnlineSecurity_No internet service', 'OnlineSecurity_Yes',
       'OnlineBackup_No internet service', 'OnlineBackup_Yes',
       'DeviceProtection_No internet service', 'DeviceProtection_Yes',
       'TechSupport_No internet service', 'TechSupport_Yes',
       'StreamingTV_No internet service', 'StreamingTV_Yes',
       'StreamingMovies_No internet service', 'StreamingMovies_Yes',
       'PaymentMethod_Credit card (automatic)',
       'PaymentMethod_Electronic check', 'PaymentMethod_Mailed check',
       'Contract_odinal'],
      dtype='str') and its shape : (1409, 26)
